# JRE version: OpenJDK Runtime Environment Temurin-17.0.4.1+1 (17.0.4.1+1) (build 17.0.4.1+1)
# Java VM: OpenJDK 64-Bit Server VM Temurin-17.0.4.1+1 (17.0.4.1+1, mixed mode, tiered, compressed oops, compressed class ptrs, parallel gc, windows-amd64)
GC Precious Log:
 CPUs: 8 total, 8 available
 Memory: 7834M
 Large Page Support: Disabled
 NUMA Support: Disabled
 Compressed Oops: Enabled (32-bit)
 Alignments: Space 512K, Generation 512K, Heap 2M
 Heap Min Capacity: 100M
 Heap Initial Capacity: 100M
 Heap Max Capacity: 1G
 Pre-touch: Disabled
 Parallel Workers: 8
Heap:
 PSYoungGen      total 52224K, used 45339K [0x00000000eab00000, 0x00000000ee980000, 0x0000000100000000)
  eden space 49664K, 91% used [0x00000000eab00000,0x00000000ed746c68,0x00000000edb80000)
  from space 2560K, 0% used [0x00000000ee580000,0x00000000ee580000,0x00000000ee800000)
  to   space 1024K, 0% used [0x00000000ee880000,0x00000000ee880000,0x00000000ee980000)
 ParOldGen       total 45568K, used 20456K [0x00000000c0000000, 0x00000000c2c80000, 0x00000000eab00000)
  object space 45568K, 44% used [0x00000000c0000000,0x00000000c13fa078,0x00000000c2c80000)
 Metaspace       used 38621K, committed 39168K, reserved 1089536K
  class space    used 4008K, committed 4288K, reserved 1048576K
GC Heap History (20 events):
Event: 20.451 GC heap before
{Heap before GC invocations=19 (full 0):
 PSYoungGen      total 64000K, used 62994K [0x00000000eab00000, 0x00000000eee00000, 0x0000000100000000)
  eden space 63488K, 99% used [0x00000000eab00000,0x00000000ee87c8d8,0x00000000ee900000)
  from space 512K, 6% used [0x00000000eed80000,0x00000000eed88000,0x00000000eee00000)
  to   space 512K, 0% used [0x00000000eed00000,0x00000000eed00000,0x00000000eed80000)
 ParOldGen       total 68608K, used 43676K [0x00000000c0000000, 0x00000000c4300000, 0x00000000eab00000)
  object space 68608K, 63% used [0x00000000c0000000,0x00000000c2aa7168,0x00000000c4300000)
 Metaspace       used 20358K, committed 20864K, reserved 1073152K
  class space    used 2064K, committed 2304K, reserved 1048576K
}
Event: 20.460 GC heap after
{Heap after GC invocations=19 (full 0):
 PSYoungGen      total 61952K, used 32K [0x00000000eab00000, 0x00000000eee00000, 0x0000000100000000)
  eden space 61440K, 0% used [0x00000000eab00000,0x00000000eab00000,0x00000000ee700000)
  from space 512K, 6% used [0x00000000eed00000,0x00000000eed08000,0x00000000eed80000)
  to   space 512K, 0% used [0x00000000eed80000,0x00000000eed80000,0x00000000eee00000)
 ParOldGen       total 68608K, used 49452K [0x00000000c0000000, 0x00000000c4300000, 0x00000000eab00000)
  object space 68608K, 72% used [0x00000000c0000000,0x00000000c304b148,0x00000000c4300000)
 Metaspace       used 20358K, committed 20864K, reserved 1073152K
  class space    used 2064K, committed 2304K, reserved 1048576K
}
Event: 20.509 GC heap before
{Heap before GC invocations=20 (full 0):
 PSYoungGen      total 61952K, used 60670K [0x00000000eab00000, 0x00000000eee00000, 0x0000000100000000)
  eden space 61440K, 98% used [0x00000000eab00000,0x00000000ee637b08,0x00000000ee700000)
  from space 512K, 6% used [0x00000000eed00000,0x00000000eed08000,0x00000000eed80000)
  to   space 512K, 0% used [0x00000000eed80000,0x00000000eed80000,0x00000000eee00000)
 ParOldGen       total 68608K, used 49452K [0x00000000c0000000, 0x00000000c4300000, 0x00000000eab00000)
  object space 68608K, 72% used [0x00000000c0000000,0x00000000c304b148,0x00000000c4300000)
 Metaspace       used 20358K, committed 20864K, reserved 1073152K
  class space    used 2064K, committed 2304K, reserved 1048576K
}
Event: 20.519 GC heap after
{Heap after GC invocations=20 (full 0):
 PSYoungGen      total 59904K, used 0K [0x00000000eab00000, 0x00000000eee00000, 0x0000000100000000)
  eden space 59392K, 0% used [0x00000000eab00000,0x00000000eab00000,0x00000000ee500000)
  from space 512K, 0% used [0x00000000eed80000,0x00000000eed80000,0x00000000eee00000)
  to   space 512K, 0% used [0x00000000eed00000,0x00000000eed00000,0x00000000eed80000)
 ParOldGen       total 68608K, used 55556K [0x00000000c0000000, 0x00000000c4300000, 0x00000000eab00000)
  object space 68608K, 80% used [0x00000000c0000000,0x00000000c3641128,0x00000000c4300000)
 Metaspace       used 20358K, committed 20864K, reserved 1073152K
  class space    used 2064K, committed 2304K, reserved 1048576K
}
Event: 20.554 GC heap before
{Heap before GC invocations=21 (full 0):
 PSYoungGen      total 59904K, used 57413K [0x00000000eab00000, 0x00000000eee00000, 0x0000000100000000)
  eden space 59392K, 96% used [0x00000000eab00000,0x00000000ee3115a8,0x00000000ee500000)
  from space 512K, 0% used [0x00000000eed80000,0x00000000eed80000,0x00000000eee00000)
  to   space 512K, 0% used [0x00000000eed00000,0x00000000eed00000,0x00000000eed80000)
 ParOldGen       total 68608K, used 55556K [0x00000000c0000000, 0x00000000c4300000, 0x00000000eab00000)
  object space 68608K, 80% used [0x00000000c0000000,0x00000000c3641128,0x00000000c4300000)
 Metaspace       used 20358K, committed 20864K, reserved 1073152K
  class space    used 2064K, committed 2304K, reserved 1048576K
}
Event: 20.564 GC heap after
{Heap after GC invocations=21 (full 0):
 PSYoungGen      total 57856K, used 32K [0x00000000eab00000, 0x00000000eee00000, 0x0000000100000000)
  eden space 57344K, 0% used [0x00000000eab00000,0x00000000eab00000,0x00000000ee300000)
  from space 512K, 6% used [0x00000000eed00000,0x00000000eed08000,0x00000000eed80000)
  to   space 512K, 0% used [0x00000000eed80000,0x00000000eed80000,0x00000000eee00000)
 ParOldGen       total 68608K, used 61940K [0x00000000c0000000, 0x00000000c4300000, 0x00000000eab00000)
  object space 68608K, 90% used [0x00000000c0000000,0x00000000c3c7d108,0x00000000c4300000)
 Metaspace       used 20358K, committed 20864K, reserved 1073152K
  class space    used 2064K, committed 2304K, reserved 1048576K
}
Event: 20.614 GC heap before
{Heap before GC invocations=22 (full 0):
 PSYoungGen      total 57856K, used 56653K [0x00000000eab00000, 0x00000000eee00000, 0x0000000100000000)
  eden space 57344K, 98% used [0x00000000eab00000,0x00000000ee24b588,0x00000000ee300000)
  from space 512K, 6% used [0x00000000eed00000,0x00000000eed08000,0x00000000eed80000)
  to   space 512K, 0% used [0x00000000eed80000,0x00000000eed80000,0x00000000eee00000)
 ParOldGen       total 68608K, used 61940K [0x00000000c0000000, 0x00000000c4300000, 0x00000000eab00000)
  object space 68608K, 90% used [0x00000000c0000000,0x00000000c3c7d108,0x00000000c4300000)
 Metaspace       used 20358K, committed 20864K, reserved 1073152K
  class space    used 2064K, committed 2304K, reserved 1048576K
}
Event: 20.623 GC heap after
{Heap after GC invocations=22 (full 0):
 PSYoungGen      total 56320K, used 32K [0x00000000eab00000, 0x00000000eee00000, 0x0000000100000000)
  eden space 55808K, 0% used [0x00000000eab00000,0x00000000eab00000,0x00000000ee180000)
  from space 512K, 6% used [0x00000000eed80000,0x00000000eed88000,0x00000000eee00000)
  to   space 512K, 0% used [0x00000000eed00000,0x00000000eed00000,0x00000000eed80000)
 ParOldGen       total 68608K, used 68596K [0x00000000c0000000, 0x00000000c4300000, 0x00000000eab00000)
  object space 68608K, 99% used [0x00000000c0000000,0x00000000c42fd0e8,0x00000000c4300000)
 Metaspace       used 20358K, committed 20864K, reserved 1073152K
  class space    used 2064K, committed 2304K, reserved 1048576K
}
Event: 20.624 GC heap before
{Heap before GC invocations=23 (full 1):
 PSYoungGen      total 56320K, used 32K [0x00000000eab00000, 0x00000000eee00000, 0x0000000100000000)
  eden space 55808K, 0% used [0x00000000eab00000,0x00000000eab00000,0x00000000ee180000)
  from space 512K, 6% used [0x00000000eed80000,0x00000000eed88000,0x00000000eee00000)
  to   space 512K, 0% used [0x00000000eed00000,0x00000000eed00000,0x00000000eed80000)
 ParOldGen       total 68608K, used 68596K [0x00000000c0000000, 0x00000000c4300000, 0x00000000eab00000)
  object space 68608K, 99% used [0x00000000c0000000,0x00000000c42fd0e8,0x00000000c4300000)
 Metaspace       used 20358K, committed 20864K, reserved 1073152K
  class space    used 2064K, committed 2304K, reserved 1048576K
}
Event: 20.691 GC heap after
{Heap after GC invocations=23 (full 1):
 PSYoungGen      total 54784K, used 0K [0x00000000eab00000, 0x00000000eee00000, 0x0000000100000000)
  eden space 54272K, 0% used [0x00000000eab00000,0x00000000eab00000,0x00000000ee000000)
  from space 512K, 0% used [0x00000000eed00000,0x00000000eed00000,0x00000000eed80000)
  to   space 512K, 0% used [0x00000000eed80000,0x00000000eed80000,0x00000000eee00000)
 ParOldGen       total 45568K, used 13056K [0x00000000c0000000, 0x00000000c2c80000, 0x00000000eab00000)
  object space 45568K, 28% used [0x00000000c0000000,0x00000000c0cc0010,0x00000000c2c80000)
 Metaspace       used 20345K, committed 20864K, reserved 1073152K
  class space    used 2061K, committed 2304K, reserved 1048576K
}
Event: 22.624 GC heap before
{Heap before GC invocations=24 (full 1):
 PSYoungGen      total 54784K, used 54272K [0x00000000eab00000, 0x00000000eee00000, 0x0000000100000000)
  eden space 54272K, 100% used [0x00000000eab00000,0x00000000ee000000,0x00000000ee000000)
  from space 512K, 0% used [0x00000000eed00000,0x00000000eed00000,0x00000000eed80000)
  to   space 512K, 0% used [0x00000000eed80000,0x00000000eed80000,0x00000000eee00000)
 ParOldGen       total 45568K, used 13056K [0x00000000c0000000, 0x00000000c2c80000, 0x00000000eab00000)
  object space 45568K, 28% used [0x00000000c0000000,0x00000000c0cc0010,0x00000000c2c80000)
 Metaspace       used 21518K, committed 22016K, reserved 1073152K
  class space    used 2176K, committed 2432K, reserved 1048576K
}
Event: 22.647 GC heap after
{Heap after GC invocations=24 (full 1):
 PSYoungGen      total 53248K, used 512K [0x00000000eab00000, 0x00000000ef480000, 0x0000000100000000)
  eden space 52736K, 0% used [0x00000000eab00000,0x00000000eab00000,0x00000000ede80000)
  from space 512K, 100% used [0x00000000eed80000,0x00000000eee00000,0x00000000eee00000)
  to   space 11264K, 0% used [0x00000000ede80000,0x00000000ede80000,0x00000000ee980000)
 ParOldGen       total 45568K, used 21952K [0x00000000c0000000, 0x00000000c2c80000, 0x00000000eab00000)
  object space 45568K, 48% used [0x00000000c0000000,0x00000000c1570010,0x00000000c2c80000)
 Metaspace       used 21518K, committed 22016K, reserved 1073152K
  class space    used 2176K, committed 2432K, reserved 1048576K
}
Event: 25.339 GC heap before
{Heap before GC invocations=25 (full 1):
 PSYoungGen      total 53248K, used 53248K [0x00000000eab00000, 0x00000000ef480000, 0x0000000100000000)
  eden space 52736K, 100% used [0x00000000eab00000,0x00000000ede80000,0x00000000ede80000)
  from space 512K, 100% used [0x00000000eed80000,0x00000000eee00000,0x00000000eee00000)
  to   space 11264K, 0% used [0x00000000ede80000,0x00000000ede80000,0x00000000ee980000)
 ParOldGen       total 45568K, used 21952K [0x00000000c0000000, 0x00000000c2c80000, 0x00000000eab00000)
  object space 45568K, 48% used [0x00000000c0000000,0x00000000c1570010,0x00000000c2c80000)
 Metaspace       used 28517K, committed 29056K, reserved 1081344K
  class space    used 2825K, committed 3072K, reserved 1048576K
}
Event: 25.344 GC heap after
{Heap after GC invocations=25 (full 1):
 PSYoungGen      total 53760K, used 2125K [0x00000000eab00000, 0x00000000eee00000, 0x0000000100000000)
  eden space 51200K, 0% used [0x00000000eab00000,0x00000000eab00000,0x00000000edd00000)
  from space 2560K, 83% used [0x00000000ede80000,0x00000000ee0935e0,0x00000000ee100000)
  to   space 5120K, 0% used [0x00000000ee900000,0x00000000ee900000,0x00000000eee00000)
 ParOldGen       total 45568K, used 22472K [0x00000000c0000000, 0x00000000c2c80000, 0x00000000eab00000)
  object space 45568K, 49% used [0x00000000c0000000,0x00000000c15f2158,0x00000000c2c80000)
 Metaspace       used 28517K, committed 29056K, reserved 1081344K
  class space    used 2825K, committed 3072K, reserved 1048576K
}
Event: 27.553 GC heap before
{Heap before GC invocations=26 (full 1):
 PSYoungGen      total 53760K, used 53325K [0x00000000eab00000, 0x00000000eee00000, 0x0000000100000000)
  eden space 51200K, 100% used [0x00000000eab00000,0x00000000edd00000,0x00000000edd00000)
  from space 2560K, 83% used [0x00000000ede80000,0x00000000ee0935e0,0x00000000ee100000)
  to   space 5120K, 0% used [0x00000000ee900000,0x00000000ee900000,0x00000000eee00000)
 ParOldGen       total 45568K, used 22472K [0x00000000c0000000, 0x00000000c2c80000, 0x00000000eab00000)
  object space 45568K, 49% used [0x00000000c0000000,0x00000000c15f2158,0x00000000c2c80000)
 Metaspace       used 33262K, committed 33856K, reserved 1081344K
  class space    used 3355K, committed 3648K, reserved 1048576K
}
Event: 27.591 GC heap after
{Heap after GC invocations=26 (full 1):
 PSYoungGen      total 51200K, used 1474K [0x00000000eab00000, 0x00000000eea80000, 0x0000000100000000)
  eden space 49664K, 0% used [0x00000000eab00000,0x00000000eab00000,0x00000000edb80000)
  from space 1536K, 96% used [0x00000000ee900000,0x00000000eea70bd8,0x00000000eea80000)
  to   space 2560K, 0% used [0x00000000ee580000,0x00000000ee580000,0x00000000ee800000)
 ParOldGen       total 45568K, used 24542K [0x00000000c0000000, 0x00000000c2c80000, 0x00000000eab00000)
  object space 45568K, 53% used [0x00000000c0000000,0x00000000c17f7980,0x00000000c2c80000)
 Metaspace       used 33262K, committed 33856K, reserved 1081344K
  class space    used 3355K, committed 3648K, reserved 1048576K
}
Event: 28.091 GC heap before
{Heap before GC invocations=27 (full 1):
 PSYoungGen      total 51200K, used 9477K [0x00000000eab00000, 0x00000000eea80000, 0x0000000100000000)
  eden space 49664K, 16% used [0x00000000eab00000,0x00000000eb2d08d0,0x00000000edb80000)
  from space 1536K, 96% used [0x00000000ee900000,0x00000000eea70bd8,0x00000000eea80000)
  to   space 2560K, 0% used [0x00000000ee580000,0x00000000ee580000,0x00000000ee800000)
 ParOldGen       total 45568K, used 24542K [0x00000000c0000000, 0x00000000c2c80000, 0x00000000eab00000)
  object space 45568K, 53% used [0x00000000c0000000,0x00000000c17f7980,0x00000000c2c80000)
 Metaspace       used 34355K, committed 34816K, reserved 1081344K
  class space    used 3482K, committed 3712K, reserved 1048576K
}
Event: 28.098 GC heap after
{Heap after GC invocations=27 (full 1):
 PSYoungGen      total 52224K, used 352K [0x00000000eab00000, 0x00000000ee980000, 0x0000000100000000)
  eden space 49664K, 0% used [0x00000000eab00000,0x00000000eab00000,0x00000000edb80000)
  from space 2560K, 13% used [0x00000000ee580000,0x00000000ee5d8000,0x00000000ee800000)
  to   space 1024K, 0% used [0x00000000ee880000,0x00000000ee880000,0x00000000ee980000)
 ParOldGen       total 45568K, used 25868K [0x00000000c0000000, 0x00000000c2c80000, 0x00000000eab00000)
  object space 45568K, 56% used [0x00000000c0000000,0x00000000c19433c8,0x00000000c2c80000)
 Metaspace       used 34355K, committed 34816K, reserved 1081344K
  class space    used 3482K, committed 3712K, reserved 1048576K
}
Event: 28.098 GC heap before
{Heap before GC invocations=28 (full 2):
 PSYoungGen      total 52224K, used 352K [0x00000000eab00000, 0x00000000ee980000, 0x0000000100000000)
  eden space 49664K, 0% used [0x00000000eab00000,0x00000000eab00000,0x00000000edb80000)
  from space 2560K, 13% used [0x00000000ee580000,0x00000000ee5d8000,0x00000000ee800000)
  to   space 1024K, 0% used [0x00000000ee880000,0x00000000ee880000,0x00000000ee980000)
 ParOldGen       total 45568K, used 25868K [0x00000000c0000000, 0x00000000c2c80000, 0x00000000eab00000)
  object space 45568K, 56% used [0x00000000c0000000,0x00000000c19433c8,0x00000000c2c80000)
 Metaspace       used 34355K, committed 34816K, reserved 1081344K
  class space    used 3482K, committed 3712K, reserved 1048576K
}
Event: 28.226 GC heap after
{Heap after GC invocations=28 (full 2):
 PSYoungGen      total 52224K, used 0K [0x00000000eab00000, 0x00000000ee980000, 0x0000000100000000)
  eden space 49664K, 0% used [0x00000000eab00000,0x00000000eab00000,0x00000000edb80000)
  from space 2560K, 0% used [0x00000000ee580000,0x00000000ee580000,0x00000000ee800000)
  to   space 1024K, 0% used [0x00000000ee880000,0x00000000ee880000,0x00000000ee980000)
 ParOldGen       total 45568K, used 20456K [0x00000000c0000000, 0x00000000c2c80000, 0x00000000eab00000)
  object space 45568K, 44% used [0x00000000c0000000,0x00000000c13fa078,0x00000000c2c80000)
 Metaspace       used 34355K, committed 34816K, reserved 1081344K
  class space    used 3482K, committed 3712K, reserved 1048576K
}

